Analysis & Synthesis report for top
Mon Mar 14 20:06:32 2022
Quartus Prime Version 20.1.1 Build 720 11/11/2020 SJ Lite Edition


---------------------
; Table of Contents ;
---------------------
  1. Legal Notice
  2. Analysis & Synthesis Summary
  3. Analysis & Synthesis Settings
  4. Parallel Compilation
  5. Analysis & Synthesis Source Files Read
  6. Analysis & Synthesis Resource Usage Summary
  7. Analysis & Synthesis Resource Utilization by Entity
  8. State Machine - |top|controlFSM:control|current_state
  9. User-Specified and Inferred Latches
 10. Registers Removed During Synthesis
 11. General Register Statistics
 12. Parameter Settings for User Entity Instance: Top-level Entity: |top
 13. Parameter Settings for User Entity Instance: dualPortRam:ram_a76
 14. Parameter Settings for User Entity Instance: dualPortRam:ram_a54
 15. Parameter Settings for User Entity Instance: dualPortRam:ram_a32
 16. Parameter Settings for User Entity Instance: dualPortRam:ram_a01
 17. Parameter Settings for User Entity Instance: singlePortRam:ram_b
 18. Parameter Settings for User Entity Instance: singlePortRam:RAMOUTPUT
 19. Port Connectivity Checks: "singlePortRam:RAMOUTPUT"
 20. Port Connectivity Checks: "eightBuffer:macbuffer|sr_2:sr_2_dff_1"
 21. Port Connectivity Checks: "dualPortRam:ram_a01"
 22. Port Connectivity Checks: "dualPortRam:ram_a32"
 23. Port Connectivity Checks: "dualPortRam:ram_a54"
 24. Port Connectivity Checks: "dualPortRam:ram_a76"
 25. Post-Synthesis Netlist Statistics for Top Partition
 26. Elapsed Time Per Partition
 27. Analysis & Synthesis Messages



----------------
; Legal Notice ;
----------------
Copyright (C) 2020  Intel Corporation. All rights reserved.
Your use of Intel Corporation's design tools, logic functions 
and other software and tools, and any partner logic 
functions, and any output files from any of the foregoing 
(including device programming or simulation files), and any 
associated documentation or information are expressly subject 
to the terms and conditions of the Intel Program License 
Subscription Agreement, the Intel Quartus Prime License Agreement,
the Intel FPGA IP License Agreement, or other applicable license
agreement, including, without limitation, that your use is for
the sole purpose of programming logic devices manufactured by
Intel and sold by Intel or its authorized distributors.  Please
refer to the applicable agreement for further details, at
https://fpgasoftware.intel.com/eula.



+----------------------------------------------------------------------------------+
; Analysis & Synthesis Summary                                                     ;
+------------------------------------+---------------------------------------------+
; Analysis & Synthesis Status        ; Successful - Mon Mar 14 20:06:31 2022       ;
; Quartus Prime Version              ; 20.1.1 Build 720 11/11/2020 SJ Lite Edition ;
; Revision Name                      ; top                                         ;
; Top-level Entity Name              ; top                                         ;
; Family                             ; MAX 10                                      ;
; Total logic elements               ; 29                                          ;
;     Total combinational functions  ; 29                                          ;
;     Dedicated logic registers      ; 14                                          ;
; Total registers                    ; 14                                          ;
; Total pins                         ; 15                                          ;
; Total virtual pins                 ; 0                                           ;
; Total memory bits                  ; 0                                           ;
; Embedded Multiplier 9-bit elements ; 0                                           ;
; Total PLLs                         ; 0                                           ;
; UFM blocks                         ; 0                                           ;
; ADC blocks                         ; 0                                           ;
+------------------------------------+---------------------------------------------+


+------------------------------------------------------------------------------------------------------------+
; Analysis & Synthesis Settings                                                                              ;
+------------------------------------------------------------------+--------------------+--------------------+
; Option                                                           ; Setting            ; Default Value      ;
+------------------------------------------------------------------+--------------------+--------------------+
; Device                                                           ; 10M50DAF484C7G     ;                    ;
; Top-level entity name                                            ; top                ; top                ;
; Family name                                                      ; MAX 10 FPGA        ; Cyclone V          ;
; Use smart compilation                                            ; Off                ; Off                ;
; Enable parallel Assembler and Timing Analyzer during compilation ; On                 ; On                 ;
; Enable compact report table                                      ; Off                ; Off                ;
; Restructure Multiplexers                                         ; Auto               ; Auto               ;
; Create Debugging Nodes for IP Cores                              ; Off                ; Off                ;
; Preserve fewer node names                                        ; On                 ; On                 ;
; Intel FPGA IP Evaluation Mode                                    ; Enable             ; Enable             ;
; Verilog Version                                                  ; Verilog_2001       ; Verilog_2001       ;
; VHDL Version                                                     ; VHDL_1993          ; VHDL_1993          ;
; State Machine Processing                                         ; Auto               ; Auto               ;
; Safe State Machine                                               ; Off                ; Off                ;
; Extract Verilog State Machines                                   ; On                 ; On                 ;
; Extract VHDL State Machines                                      ; On                 ; On                 ;
; Ignore Verilog initial constructs                                ; Off                ; Off                ;
; Iteration limit for constant Verilog loops                       ; 5000               ; 5000               ;
; Iteration limit for non-constant Verilog loops                   ; 250                ; 250                ;
; Add Pass-Through Logic to Inferred RAMs                          ; On                 ; On                 ;
; Infer RAMs from Raw Logic                                        ; On                 ; On                 ;
; Parallel Synthesis                                               ; On                 ; On                 ;
; DSP Block Balancing                                              ; Auto               ; Auto               ;
; NOT Gate Push-Back                                               ; On                 ; On                 ;
; Power-Up Don't Care                                              ; On                 ; On                 ;
; Remove Redundant Logic Cells                                     ; Off                ; Off                ;
; Remove Duplicate Registers                                       ; On                 ; On                 ;
; Ignore CARRY Buffers                                             ; Off                ; Off                ;
; Ignore CASCADE Buffers                                           ; Off                ; Off                ;
; Ignore GLOBAL Buffers                                            ; Off                ; Off                ;
; Ignore ROW GLOBAL Buffers                                        ; Off                ; Off                ;
; Ignore LCELL Buffers                                             ; Off                ; Off                ;
; Ignore SOFT Buffers                                              ; On                 ; On                 ;
; Limit AHDL Integers to 32 Bits                                   ; Off                ; Off                ;
; Optimization Technique                                           ; Balanced           ; Balanced           ;
; Carry Chain Length                                               ; 70                 ; 70                 ;
; Auto Carry Chains                                                ; On                 ; On                 ;
; Auto Open-Drain Pins                                             ; On                 ; On                 ;
; Perform WYSIWYG Primitive Resynthesis                            ; Off                ; Off                ;
; Auto ROM Replacement                                             ; On                 ; On                 ;
; Auto RAM Replacement                                             ; On                 ; On                 ;
; Auto DSP Block Replacement                                       ; On                 ; On                 ;
; Auto Shift Register Replacement                                  ; Auto               ; Auto               ;
; Allow Shift Register Merging across Hierarchies                  ; Auto               ; Auto               ;
; Auto Clock Enable Replacement                                    ; On                 ; On                 ;
; Strict RAM Replacement                                           ; Off                ; Off                ;
; Allow Synchronous Control Signals                                ; On                 ; On                 ;
; Force Use of Synchronous Clear Signals                           ; Off                ; Off                ;
; Auto RAM Block Balancing                                         ; On                 ; On                 ;
; Auto RAM to Logic Cell Conversion                                ; Off                ; Off                ;
; Auto Resource Sharing                                            ; Off                ; Off                ;
; Allow Any RAM Size For Recognition                               ; Off                ; Off                ;
; Allow Any ROM Size For Recognition                               ; Off                ; Off                ;
; Allow Any Shift Register Size For Recognition                    ; Off                ; Off                ;
; Use LogicLock Constraints during Resource Balancing              ; On                 ; On                 ;
; Ignore translate_off and synthesis_off directives                ; Off                ; Off                ;
; Timing-Driven Synthesis                                          ; On                 ; On                 ;
; Report Parameter Settings                                        ; On                 ; On                 ;
; Report Source Assignments                                        ; On                 ; On                 ;
; Report Connectivity Checks                                       ; On                 ; On                 ;
; Ignore Maximum Fan-Out Assignments                               ; Off                ; Off                ;
; Synchronization Register Chain Length                            ; 2                  ; 2                  ;
; Power Optimization During Synthesis                              ; Normal compilation ; Normal compilation ;
; HDL message level                                                ; Level2             ; Level2             ;
; Suppress Register Optimization Related Messages                  ; Off                ; Off                ;
; Number of Removed Registers Reported in Synthesis Report         ; 5000               ; 5000               ;
; Number of Swept Nodes Reported in Synthesis Report               ; 5000               ; 5000               ;
; Number of Inverted Registers Reported in Synthesis Report        ; 100                ; 100                ;
; Clock MUX Protection                                             ; On                 ; On                 ;
; Auto Gated Clock Conversion                                      ; Off                ; Off                ;
; Block Design Naming                                              ; Auto               ; Auto               ;
; SDC constraint protection                                        ; Off                ; Off                ;
; Synthesis Effort                                                 ; Auto               ; Auto               ;
; Shift Register Replacement - Allow Asynchronous Clear Signal     ; On                 ; On                 ;
; Pre-Mapping Resynthesis Optimization                             ; Off                ; Off                ;
; Analysis & Synthesis Message Level                               ; Medium             ; Medium             ;
; Disable Register Merging Across Hierarchies                      ; Auto               ; Auto               ;
; Resource Aware Inference For Block RAM                           ; On                 ; On                 ;
+------------------------------------------------------------------+--------------------+--------------------+


+------------------------------------------+
; Parallel Compilation                     ;
+----------------------------+-------------+
; Processors                 ; Number      ;
+----------------------------+-------------+
; Number detected on machine ; 8           ;
; Maximum allowed            ; 4           ;
;                            ;             ;
; Average used               ; 1.00        ;
; Maximum used               ; 4           ;
;                            ;             ;
; Usage by Processor         ; % Time Used ;
;     Processor 1            ; 100.0%      ;
;     Processors 2-4         ;   0.0%      ;
+----------------------------+-------------+


+--------------------------------------------------------------------------------------------------------------------------------------------------------+
; Analysis & Synthesis Source Files Read                                                                                                                 ;
+----------------------------------+-----------------+------------------------------+----------------------------------------------------------+---------+
; File Name with User-Entered Path ; Used in Netlist ; File Type                    ; File Name with Absolute Path                             ; Library ;
+----------------------------------+-----------------+------------------------------+----------------------------------------------------------+---------+
; sr_3.v                           ; yes             ; User Verilog HDL File        ; C:/Users/rizne/Desktop/eec180/lab6/part4/sr_3.v          ;         ;
; sr_7.v                           ; yes             ; User Verilog HDL File        ; C:/Users/rizne/Desktop/eec180/lab6/part4/sr_7.v          ;         ;
; sr_6.v                           ; yes             ; User Verilog HDL File        ; C:/Users/rizne/Desktop/eec180/lab6/part4/sr_6.v          ;         ;
; sr_5.v                           ; yes             ; User Verilog HDL File        ; C:/Users/rizne/Desktop/eec180/lab6/part4/sr_5.v          ;         ;
; sr_4.v                           ; yes             ; User Verilog HDL File        ; C:/Users/rizne/Desktop/eec180/lab6/part4/sr_4.v          ;         ;
; sr_2.v                           ; yes             ; User Verilog HDL File        ; C:/Users/rizne/Desktop/eec180/lab6/part4/sr_2.v          ;         ;
; top.v                            ; yes             ; Auto-Found Verilog HDL File  ; C:/Users/rizne/Desktop/eec180/lab6/part4/top.v           ;         ;
; controlfsm.v                     ; yes             ; Auto-Found Verilog HDL File  ; C:/Users/rizne/Desktop/eec180/lab6/part4/controlfsm.v    ;         ;
; dualportram.v                    ; yes             ; Auto-Found Verilog HDL File  ; C:/Users/rizne/Desktop/eec180/lab6/part4/dualportram.v   ;         ;
; singleportram.v                  ; yes             ; Auto-Found Verilog HDL File  ; C:/Users/rizne/Desktop/eec180/lab6/part4/singleportram.v ;         ;
; mac.v                            ; yes             ; Auto-Found Verilog HDL File  ; C:/Users/rizne/Desktop/eec180/lab6/part4/mac.v           ;         ;
; eightbuffer.v                    ; yes             ; Auto-Found Verilog HDL File  ; C:/Users/rizne/Desktop/eec180/lab6/part4/eightbuffer.v   ;         ;
+----------------------------------+-----------------+------------------------------+----------------------------------------------------------+---------+


+-----------------------------------------------------------------------------------+
; Analysis & Synthesis Resource Usage Summary                                       ;
+---------------------------------------------+-------------------------------------+
; Resource                                    ; Usage                               ;
+---------------------------------------------+-------------------------------------+
; Estimated Total logic elements              ; 29                                  ;
;                                             ;                                     ;
; Total combinational functions               ; 29                                  ;
; Logic element usage by number of LUT inputs ;                                     ;
;     -- 4 input functions                    ; 5                                   ;
;     -- 3 input functions                    ; 14                                  ;
;     -- <=2 input functions                  ; 10                                  ;
;                                             ;                                     ;
; Logic elements by mode                      ;                                     ;
;     -- normal mode                          ; 19                                  ;
;     -- arithmetic mode                      ; 10                                  ;
;                                             ;                                     ;
; Total registers                             ; 14                                  ;
;     -- Dedicated logic registers            ; 14                                  ;
;     -- I/O registers                        ; 0                                   ;
;                                             ;                                     ;
; I/O pins                                    ; 15                                  ;
;                                             ;                                     ;
; Embedded Multiplier 9-bit elements          ; 0                                   ;
;                                             ;                                     ;
; Maximum fan-out node                        ; controlFSM:control|current_state.00 ;
; Maximum fan-out                             ; 14                                  ;
; Total fan-out                               ; 136                                 ;
; Average fan-out                             ; 1.86                                ;
+---------------------------------------------+-------------------------------------+


+----------------------------------------------------------------------------------------------------------------------------------------------------------------------------------------------------------------------------------------+
; Analysis & Synthesis Resource Utilization by Entity                                                                                                                                                                                    ;
+----------------------------+---------------------+---------------------------+-------------+------------+--------------+---------+-----------+------+--------------+------------+-------------------------+-------------+--------------+
; Compilation Hierarchy Node ; Combinational ALUTs ; Dedicated Logic Registers ; Memory Bits ; UFM Blocks ; DSP Elements ; DSP 9x9 ; DSP 18x18 ; Pins ; Virtual Pins ; ADC blocks ; Full Hierarchy Name     ; Entity Name ; Library Name ;
+----------------------------+---------------------+---------------------------+-------------+------------+--------------+---------+-----------+------+--------------+------------+-------------------------+-------------+--------------+
; |top                       ; 29 (0)              ; 14 (0)                    ; 0           ; 0          ; 0            ; 0       ; 0         ; 15   ; 0            ; 0          ; |top                    ; top         ; work         ;
;    |controlFSM:control|    ; 29 (29)             ; 14 (14)                   ; 0           ; 0          ; 0            ; 0       ; 0         ; 0    ; 0            ; 0          ; |top|controlFSM:control ; controlFSM  ; work         ;
+----------------------------+---------------------+---------------------------+-------------+------------+--------------+---------+-----------+------+--------------+------------+-------------------------+-------------+--------------+
Note: For table entries with two numbers listed, the numbers in parentheses indicate the number of resources of the given type used by the specific entity alone. The numbers listed outside of parentheses indicate the total resources of the given type used by the specific entity and all of its sub-entities in the hierarchy.


Encoding Type:  One-Hot
+---------------------------------------------------------------------------+
; State Machine - |top|controlFSM:control|current_state                     ;
+------------------+------------------+------------------+------------------+
; Name             ; current_state.00 ; current_state.10 ; current_state.01 ;
+------------------+------------------+------------------+------------------+
; current_state.00 ; 0                ; 0                ; 0                ;
; current_state.01 ; 1                ; 0                ; 1                ;
; current_state.10 ; 1                ; 1                ; 0                ;
+------------------+------------------+------------------+------------------+


+----------------------------------------------------------------------------------------------------+
; User-Specified and Inferred Latches                                                                ;
+-----------------------------------------------------+---------------------+------------------------+
; Latch Name                                          ; Latch Enable Signal ; Free of Timing Hazards ;
+-----------------------------------------------------+---------------------+------------------------+
; controlFSM:control|tempdone                         ; VCC                 ; yes                    ;
; controlFSM:control|tempclock[1]                     ; VCC                 ; yes                    ;
; controlFSM:control|tempclock[2]                     ; VCC                 ; yes                    ;
; controlFSM:control|tempclock[3]                     ; VCC                 ; yes                    ;
; controlFSM:control|tempclock[4]                     ; VCC                 ; yes                    ;
; controlFSM:control|tempclock[5]                     ; VCC                 ; yes                    ;
; controlFSM:control|tempclock[6]                     ; VCC                 ; yes                    ;
; controlFSM:control|tempclock[7]                     ; VCC                 ; yes                    ;
; controlFSM:control|tempclock[8]                     ; VCC                 ; yes                    ;
; controlFSM:control|tempclock[9]                     ; VCC                 ; yes                    ;
; controlFSM:control|tempclock[10]                    ; VCC                 ; yes                    ;
; Number of user-specified and inferred latches = 11  ;                     ;                        ;
+-----------------------------------------------------+---------------------+------------------------+
Note: All latches listed above may not be present at the end of synthesis due to various synthesis optimizations.


+------------------------------------------------------------+
; Registers Removed During Synthesis                         ;
+---------------------------------------+--------------------+
; Register name                         ; Reason for Removal ;
+---------------------------------------+--------------------+
; controlFSM:control|current_state.10   ; Lost fanout        ;
; Total Number of Removed Registers = 1 ;                    ;
+---------------------------------------+--------------------+


+------------------------------------------------------+
; General Register Statistics                          ;
+----------------------------------------------+-------+
; Statistic                                    ; Value ;
+----------------------------------------------+-------+
; Total registers                              ; 14    ;
; Number of registers using Synchronous Clear  ; 0     ;
; Number of registers using Synchronous Load   ; 0     ;
; Number of registers using Asynchronous Clear ; 0     ;
; Number of registers using Asynchronous Load  ; 0     ;
; Number of registers using Clock Enable       ; 0     ;
; Number of registers using Preset             ; 0     ;
+----------------------------------------------+-------+


+---------------------------------------------------------------------+
; Parameter Settings for User Entity Instance: Top-level Entity: |top ;
+----------------+-------+--------------------------------------------+
; Parameter Name ; Value ; Type                                       ;
+----------------+-------+--------------------------------------------+
; DATA_WIDTH     ; 8     ; Signed Integer                             ;
; ADDR_WIDTH     ; 6     ; Signed Integer                             ;
+----------------+-------+--------------------------------------------+
Note: In order to hide this table in the UI and the text report file, please set the "Show Parameter Settings in Synthesis Report" option in "Analysis and Synthesis Settings -> More Settings" to "Off".


+------------------------------------------------------------------+
; Parameter Settings for User Entity Instance: dualPortRam:ram_a76 ;
+----------------+----------------+--------------------------------+
; Parameter Name ; Value          ; Type                           ;
+----------------+----------------+--------------------------------+
; DATA_WIDTH     ; 8              ; Signed Integer                 ;
; ADDR_WIDTH     ; 6              ; Signed Integer                 ;
; INIT_FILE      ; ram_a_init.txt ; String                         ;
+----------------+----------------+--------------------------------+
Note: In order to hide this table in the UI and the text report file, please set the "Show Parameter Settings in Synthesis Report" option in "Analysis and Synthesis Settings -> More Settings" to "Off".


+------------------------------------------------------------------+
; Parameter Settings for User Entity Instance: dualPortRam:ram_a54 ;
+----------------+----------------+--------------------------------+
; Parameter Name ; Value          ; Type                           ;
+----------------+----------------+--------------------------------+
; DATA_WIDTH     ; 8              ; Signed Integer                 ;
; ADDR_WIDTH     ; 6              ; Signed Integer                 ;
; INIT_FILE      ; ram_a_init.txt ; String                         ;
+----------------+----------------+--------------------------------+
Note: In order to hide this table in the UI and the text report file, please set the "Show Parameter Settings in Synthesis Report" option in "Analysis and Synthesis Settings -> More Settings" to "Off".


+------------------------------------------------------------------+
; Parameter Settings for User Entity Instance: dualPortRam:ram_a32 ;
+----------------+----------------+--------------------------------+
; Parameter Name ; Value          ; Type                           ;
+----------------+----------------+--------------------------------+
; DATA_WIDTH     ; 8              ; Signed Integer                 ;
; ADDR_WIDTH     ; 6              ; Signed Integer                 ;
; INIT_FILE      ; ram_a_init.txt ; String                         ;
+----------------+----------------+--------------------------------+
Note: In order to hide this table in the UI and the text report file, please set the "Show Parameter Settings in Synthesis Report" option in "Analysis and Synthesis Settings -> More Settings" to "Off".


+------------------------------------------------------------------+
; Parameter Settings for User Entity Instance: dualPortRam:ram_a01 ;
+----------------+----------------+--------------------------------+
; Parameter Name ; Value          ; Type                           ;
+----------------+----------------+--------------------------------+
; DATA_WIDTH     ; 8              ; Signed Integer                 ;
; ADDR_WIDTH     ; 6              ; Signed Integer                 ;
; INIT_FILE      ; ram_a_init.txt ; String                         ;
+----------------+----------------+--------------------------------+
Note: In order to hide this table in the UI and the text report file, please set the "Show Parameter Settings in Synthesis Report" option in "Analysis and Synthesis Settings -> More Settings" to "Off".


+------------------------------------------------------------------+
; Parameter Settings for User Entity Instance: singlePortRam:ram_b ;
+----------------+----------------+--------------------------------+
; Parameter Name ; Value          ; Type                           ;
+----------------+----------------+--------------------------------+
; DATA_WIDTH     ; 8              ; Signed Integer                 ;
; ADDR_WIDTH     ; 6              ; Signed Integer                 ;
; INIT_FILE      ; ram_b_init.txt ; String                         ;
+----------------+----------------+--------------------------------+
Note: In order to hide this table in the UI and the text report file, please set the "Show Parameter Settings in Synthesis Report" option in "Analysis and Synthesis Settings -> More Settings" to "Off".


+----------------------------------------------------------------------+
; Parameter Settings for User Entity Instance: singlePortRam:RAMOUTPUT ;
+----------------+-------+---------------------------------------------+
; Parameter Name ; Value ; Type                                        ;
+----------------+-------+---------------------------------------------+
; DATA_WIDTH     ; 19    ; Signed Integer                              ;
; ADDR_WIDTH     ; 6     ; Signed Integer                              ;
; INIT_FILE      ;       ; String                                      ;
+----------------+-------+---------------------------------------------+
Note: In order to hide this table in the UI and the text report file, please set the "Show Parameter Settings in Synthesis Report" option in "Analysis and Synthesis Settings -> More Settings" to "Off".


+--------------------------------------------------------------------------------------------------------------------+
; Port Connectivity Checks: "singlePortRam:RAMOUTPUT"                                                                ;
+----------+--------+----------+-------------------------------------------------------------------------------------+
; Port     ; Type   ; Severity ; Details                                                                             ;
+----------+--------+----------+-------------------------------------------------------------------------------------+
; data_out ; Output ; Info     ; Connected to dangling logic. Logic that only feeds a dangling port will be removed. ;
+----------+--------+----------+-------------------------------------------------------------------------------------+


+-----------------------------------------------------------------------------------------------------------------+
; Port Connectivity Checks: "eightBuffer:macbuffer|sr_2:sr_2_dff_1"                                               ;
+-------+--------+----------+-------------------------------------------------------------------------------------+
; Port  ; Type   ; Severity ; Details                                                                             ;
+-------+--------+----------+-------------------------------------------------------------------------------------+
; out_2 ; Output ; Info     ; Connected to dangling logic. Logic that only feeds a dangling port will be removed. ;
+-------+--------+----------+-------------------------------------------------------------------------------------+


+-------------------------------------------------+
; Port Connectivity Checks: "dualPortRam:ram_a01" ;
+--------------+-------+----------+---------------+
; Port         ; Type  ; Severity ; Details       ;
+--------------+-------+----------+---------------+
; address_1[0] ; Input ; Info     ; Stuck at VCC  ;
; address_0[0] ; Input ; Info     ; Stuck at GND  ;
+--------------+-------+----------+---------------+


+-------------------------------------------------+
; Port Connectivity Checks: "dualPortRam:ram_a32" ;
+--------------+-------+----------+---------------+
; Port         ; Type  ; Severity ; Details       ;
+--------------+-------+----------+---------------+
; address_1[0] ; Input ; Info     ; Stuck at VCC  ;
; address_0[0] ; Input ; Info     ; Stuck at GND  ;
+--------------+-------+----------+---------------+


+-------------------------------------------------+
; Port Connectivity Checks: "dualPortRam:ram_a54" ;
+--------------+-------+----------+---------------+
; Port         ; Type  ; Severity ; Details       ;
+--------------+-------+----------+---------------+
; address_1[0] ; Input ; Info     ; Stuck at VCC  ;
; address_0[0] ; Input ; Info     ; Stuck at GND  ;
+--------------+-------+----------+---------------+


+-------------------------------------------------+
; Port Connectivity Checks: "dualPortRam:ram_a76" ;
+--------------+-------+----------+---------------+
; Port         ; Type  ; Severity ; Details       ;
+--------------+-------+----------+---------------+
; address_1[0] ; Input ; Info     ; Stuck at VCC  ;
; address_0[0] ; Input ; Info     ; Stuck at GND  ;
+--------------+-------+----------+---------------+


+-----------------------------------------------------+
; Post-Synthesis Netlist Statistics for Top Partition ;
+-----------------------+-----------------------------+
; Type                  ; Count                       ;
+-----------------------+-----------------------------+
; boundary_port         ; 15                          ;
; cycloneiii_ff         ; 14                          ;
;     plain             ; 14                          ;
; cycloneiii_lcell_comb ; 29                          ;
;     arith             ; 10                          ;
;         2 data inputs ; 9                           ;
;         3 data inputs ; 1                           ;
;     normal            ; 19                          ;
;         1 data inputs ; 1                           ;
;         3 data inputs ; 13                          ;
;         4 data inputs ; 5                           ;
;                       ;                             ;
; Max LUT depth         ; 5.00                        ;
; Average LUT depth     ; 4.25                        ;
+-----------------------+-----------------------------+


+-------------------------------+
; Elapsed Time Per Partition    ;
+----------------+--------------+
; Partition Name ; Elapsed Time ;
+----------------+--------------+
; Top            ; 00:00:00     ;
+----------------+--------------+


+-------------------------------+
; Analysis & Synthesis Messages ;
+-------------------------------+
Info: *******************************************************************
Info: Running Quartus Prime Analysis & Synthesis
    Info: Version 20.1.1 Build 720 11/11/2020 SJ Lite Edition
    Info: Processing started: Mon Mar 14 20:06:18 2022
Info: Command: quartus_map --read_settings_files=on --write_settings_files=off top -c top
Warning (18236): Number of processors has not been specified which may cause overloading on shared machines.  Set the global assignment NUM_PARALLEL_PROCESSORS in your QSF to an appropriate value for best performance.
Info (20030): Parallel compilation is enabled and will use 4 of the 4 processors detected
Info (12021): Found 1 design units, including 1 entities, in source file sr_3.v
    Info (12023): Found entity 1: sr_3 File: C:/Users/rizne/Desktop/eec180/lab6/part4/sr_3.v Line: 1
Info (12021): Found 1 design units, including 1 entities, in source file sr_7.v
    Info (12023): Found entity 1: sr_7 File: C:/Users/rizne/Desktop/eec180/lab6/part4/sr_7.v Line: 1
Info (12021): Found 1 design units, including 1 entities, in source file sr_6.v
    Info (12023): Found entity 1: sr_6 File: C:/Users/rizne/Desktop/eec180/lab6/part4/sr_6.v Line: 1
Info (12021): Found 1 design units, including 1 entities, in source file sr_5.v
    Info (12023): Found entity 1: sr_5 File: C:/Users/rizne/Desktop/eec180/lab6/part4/sr_5.v Line: 1
Info (12021): Found 1 design units, including 1 entities, in source file sr_4.v
    Info (12023): Found entity 1: sr_4 File: C:/Users/rizne/Desktop/eec180/lab6/part4/sr_4.v Line: 1
Info (12021): Found 1 design units, including 1 entities, in source file sr_2.v
    Info (12023): Found entity 1: sr_2 File: C:/Users/rizne/Desktop/eec180/lab6/part4/sr_2.v Line: 1
Warning (12125): Using design file top.v, which is not specified as a design file for the current project, but contains definitions for 1 design units and 1 entities in project
    Info (12023): Found entity 1: top File: C:/Users/rizne/Desktop/eec180/lab6/part4/top.v Line: 1
Info (12127): Elaborating entity "top" for the top level hierarchy
Warning (10230): Verilog HDL assignment warning at top.v(205): truncated value with size 32 to match size of target (19) File: C:/Users/rizne/Desktop/eec180/lab6/part4/top.v Line: 205
Warning (10230): Verilog HDL assignment warning at top.v(206): truncated value with size 32 to match size of target (6) File: C:/Users/rizne/Desktop/eec180/lab6/part4/top.v Line: 206
Warning (10230): Verilog HDL assignment warning at top.v(207): truncated value with size 32 to match size of target (6) File: C:/Users/rizne/Desktop/eec180/lab6/part4/top.v Line: 207
Warning (10230): Verilog HDL assignment warning at top.v(208): truncated value with size 32 to match size of target (6) File: C:/Users/rizne/Desktop/eec180/lab6/part4/top.v Line: 208
Warning (10230): Verilog HDL assignment warning at top.v(209): truncated value with size 32 to match size of target (6) File: C:/Users/rizne/Desktop/eec180/lab6/part4/top.v Line: 209
Warning (10230): Verilog HDL assignment warning at top.v(210): truncated value with size 32 to match size of target (6) File: C:/Users/rizne/Desktop/eec180/lab6/part4/top.v Line: 210
Warning (10230): Verilog HDL assignment warning at top.v(211): truncated value with size 32 to match size of target (6) File: C:/Users/rizne/Desktop/eec180/lab6/part4/top.v Line: 211
Warning (10230): Verilog HDL assignment warning at top.v(212): truncated value with size 32 to match size of target (6) File: C:/Users/rizne/Desktop/eec180/lab6/part4/top.v Line: 212
Warning (10230): Verilog HDL assignment warning at top.v(213): truncated value with size 32 to match size of target (6) File: C:/Users/rizne/Desktop/eec180/lab6/part4/top.v Line: 213
Warning (10230): Verilog HDL assignment warning at top.v(214): truncated value with size 32 to match size of target (6) File: C:/Users/rizne/Desktop/eec180/lab6/part4/top.v Line: 214
Warning (10230): Verilog HDL assignment warning at top.v(221): truncated value with size 32 to match size of target (6) File: C:/Users/rizne/Desktop/eec180/lab6/part4/top.v Line: 221
Warning (10240): Verilog HDL Always Construct warning at top.v(202): inferring latch(es) for variable "clear_mac", which holds its previous value in one or more paths through the always construct File: C:/Users/rizne/Desktop/eec180/lab6/part4/top.v Line: 202
Info (10041): Inferred latch for "clear_mac" at top.v(216) File: C:/Users/rizne/Desktop/eec180/lab6/part4/top.v Line: 216
Warning (12125): Using design file controlfsm.v, which is not specified as a design file for the current project, but contains definitions for 1 design units and 1 entities in project
    Info (12023): Found entity 1: controlFSM File: C:/Users/rizne/Desktop/eec180/lab6/part4/controlfsm.v Line: 1
Info (12128): Elaborating entity "controlFSM" for hierarchy "controlFSM:control" File: C:/Users/rizne/Desktop/eec180/lab6/part4/top.v Line: 68
Warning (10235): Verilog HDL Always Construct warning at controlfsm.v(41): variable "current_state" is read inside the Always Construct but isn't in the Always Construct's Event Control File: C:/Users/rizne/Desktop/eec180/lab6/part4/controlfsm.v Line: 41
Warning (10235): Verilog HDL Always Construct warning at controlfsm.v(57): variable "current_state" is read inside the Always Construct but isn't in the Always Construct's Event Control File: C:/Users/rizne/Desktop/eec180/lab6/part4/controlfsm.v Line: 57
Warning (10230): Verilog HDL assignment warning at controlfsm.v(63): truncated value with size 32 to match size of target (11) File: C:/Users/rizne/Desktop/eec180/lab6/part4/controlfsm.v Line: 63
Warning (10235): Verilog HDL Always Construct warning at controlfsm.v(73): variable "current_state" is read inside the Always Construct but isn't in the Always Construct's Event Control File: C:/Users/rizne/Desktop/eec180/lab6/part4/controlfsm.v Line: 73
Warning (10235): Verilog HDL Always Construct warning at controlfsm.v(82): variable "next_state" is read inside the Always Construct but isn't in the Always Construct's Event Control File: C:/Users/rizne/Desktop/eec180/lab6/part4/controlfsm.v Line: 82
Warning (10240): Verilog HDL Always Construct warning at controlfsm.v(38): inferring latch(es) for variable "next_state", which holds its previous value in one or more paths through the always construct File: C:/Users/rizne/Desktop/eec180/lab6/part4/controlfsm.v Line: 38
Warning (10240): Verilog HDL Always Construct warning at controlfsm.v(38): inferring latch(es) for variable "tempdone", which holds its previous value in one or more paths through the always construct File: C:/Users/rizne/Desktop/eec180/lab6/part4/controlfsm.v Line: 38
Warning (10240): Verilog HDL Always Construct warning at controlfsm.v(38): inferring latch(es) for variable "tempclock", which holds its previous value in one or more paths through the always construct File: C:/Users/rizne/Desktop/eec180/lab6/part4/controlfsm.v Line: 38
Info (10041): Inferred latch for "tempclock[0]" at controlfsm.v(38) File: C:/Users/rizne/Desktop/eec180/lab6/part4/controlfsm.v Line: 38
Info (10041): Inferred latch for "tempclock[1]" at controlfsm.v(38) File: C:/Users/rizne/Desktop/eec180/lab6/part4/controlfsm.v Line: 38
Info (10041): Inferred latch for "tempclock[2]" at controlfsm.v(38) File: C:/Users/rizne/Desktop/eec180/lab6/part4/controlfsm.v Line: 38
Info (10041): Inferred latch for "tempclock[3]" at controlfsm.v(38) File: C:/Users/rizne/Desktop/eec180/lab6/part4/controlfsm.v Line: 38
Info (10041): Inferred latch for "tempclock[4]" at controlfsm.v(38) File: C:/Users/rizne/Desktop/eec180/lab6/part4/controlfsm.v Line: 38
Info (10041): Inferred latch for "tempclock[5]" at controlfsm.v(38) File: C:/Users/rizne/Desktop/eec180/lab6/part4/controlfsm.v Line: 38
Info (10041): Inferred latch for "tempclock[6]" at controlfsm.v(38) File: C:/Users/rizne/Desktop/eec180/lab6/part4/controlfsm.v Line: 38
Info (10041): Inferred latch for "tempclock[7]" at controlfsm.v(38) File: C:/Users/rizne/Desktop/eec180/lab6/part4/controlfsm.v Line: 38
Info (10041): Inferred latch for "tempclock[8]" at controlfsm.v(38) File: C:/Users/rizne/Desktop/eec180/lab6/part4/controlfsm.v Line: 38
Info (10041): Inferred latch for "tempclock[9]" at controlfsm.v(38) File: C:/Users/rizne/Desktop/eec180/lab6/part4/controlfsm.v Line: 38
Info (10041): Inferred latch for "tempclock[10]" at controlfsm.v(38) File: C:/Users/rizne/Desktop/eec180/lab6/part4/controlfsm.v Line: 38
Info (10041): Inferred latch for "tempdone" at controlfsm.v(38) File: C:/Users/rizne/Desktop/eec180/lab6/part4/controlfsm.v Line: 38
Info (10041): Inferred latch for "next_state.10" at controlfsm.v(38) File: C:/Users/rizne/Desktop/eec180/lab6/part4/controlfsm.v Line: 38
Info (10041): Inferred latch for "next_state.01" at controlfsm.v(38) File: C:/Users/rizne/Desktop/eec180/lab6/part4/controlfsm.v Line: 38
Info (10041): Inferred latch for "next_state.00" at controlfsm.v(38) File: C:/Users/rizne/Desktop/eec180/lab6/part4/controlfsm.v Line: 38
Warning (12125): Using design file dualportram.v, which is not specified as a design file for the current project, but contains definitions for 1 design units and 1 entities in project
    Info (12023): Found entity 1: dualPortRam File: C:/Users/rizne/Desktop/eec180/lab6/part4/dualportram.v Line: 1
Info (12128): Elaborating entity "dualPortRam" for hierarchy "dualPortRam:ram_a76" File: C:/Users/rizne/Desktop/eec180/lab6/part4/top.v Line: 79
Warning (12125): Using design file singleportram.v, which is not specified as a design file for the current project, but contains definitions for 1 design units and 1 entities in project
    Info (12023): Found entity 1: singlePortRam File: C:/Users/rizne/Desktop/eec180/lab6/part4/singleportram.v Line: 1
Info (12128): Elaborating entity "singlePortRam" for hierarchy "singlePortRam:ram_b" File: C:/Users/rizne/Desktop/eec180/lab6/part4/top.v Line: 120
Warning (12125): Using design file mac.v, which is not specified as a design file for the current project, but contains definitions for 1 design units and 1 entities in project
    Info (12023): Found entity 1: MAC File: C:/Users/rizne/Desktop/eec180/lab6/part4/mac.v Line: 1
Info (12128): Elaborating entity "MAC" for hierarchy "MAC:mac7" File: C:/Users/rizne/Desktop/eec180/lab6/part4/top.v Line: 127
Warning (12125): Using design file eightbuffer.v, which is not specified as a design file for the current project, but contains definitions for 1 design units and 1 entities in project
    Info (12023): Found entity 1: eightBuffer File: C:/Users/rizne/Desktop/eec180/lab6/part4/eightbuffer.v Line: 1
Info (12128): Elaborating entity "eightBuffer" for hierarchy "eightBuffer:macbuffer" File: C:/Users/rizne/Desktop/eec180/lab6/part4/top.v Line: 190
Info (12128): Elaborating entity "sr_7" for hierarchy "eightBuffer:macbuffer|sr_7:sr_7_dff_1" File: C:/Users/rizne/Desktop/eec180/lab6/part4/eightbuffer.v Line: 25
Info (12128): Elaborating entity "sr_6" for hierarchy "eightBuffer:macbuffer|sr_6:sr_6_dff_1" File: C:/Users/rizne/Desktop/eec180/lab6/part4/eightbuffer.v Line: 37
Info (12128): Elaborating entity "sr_5" for hierarchy "eightBuffer:macbuffer|sr_5:sr_5_dff_1" File: C:/Users/rizne/Desktop/eec180/lab6/part4/eightbuffer.v Line: 49
Info (12128): Elaborating entity "sr_4" for hierarchy "eightBuffer:macbuffer|sr_4:sr_4_dff_1" File: C:/Users/rizne/Desktop/eec180/lab6/part4/eightbuffer.v Line: 58
Info (12128): Elaborating entity "sr_3" for hierarchy "eightBuffer:macbuffer|sr_3:sr_3_dff_1" File: C:/Users/rizne/Desktop/eec180/lab6/part4/eightbuffer.v Line: 66
Info (12128): Elaborating entity "sr_2" for hierarchy "eightBuffer:macbuffer|sr_2:sr_2_dff_1" File: C:/Users/rizne/Desktop/eec180/lab6/part4/eightbuffer.v Line: 75
Info (12128): Elaborating entity "singlePortRam" for hierarchy "singlePortRam:RAMOUTPUT" File: C:/Users/rizne/Desktop/eec180/lab6/part4/top.v Line: 199
Warning (12011): Net is missing source, defaulting to GND
    Warning (12110): Net "data_in_a[7]" is missing source, defaulting to GND File: C:/Users/rizne/Desktop/eec180/lab6/part4/top.v Line: 29
    Warning (12110): Net "data_in_a[6]" is missing source, defaulting to GND File: C:/Users/rizne/Desktop/eec180/lab6/part4/top.v Line: 29
    Warning (12110): Net "data_in_a[5]" is missing source, defaulting to GND File: C:/Users/rizne/Desktop/eec180/lab6/part4/top.v Line: 29
    Warning (12110): Net "data_in_a[4]" is missing source, defaulting to GND File: C:/Users/rizne/Desktop/eec180/lab6/part4/top.v Line: 29
    Warning (12110): Net "data_in_a[3]" is missing source, defaulting to GND File: C:/Users/rizne/Desktop/eec180/lab6/part4/top.v Line: 29
    Warning (12110): Net "data_in_a[2]" is missing source, defaulting to GND File: C:/Users/rizne/Desktop/eec180/lab6/part4/top.v Line: 29
    Warning (12110): Net "data_in_a[1]" is missing source, defaulting to GND File: C:/Users/rizne/Desktop/eec180/lab6/part4/top.v Line: 29
    Warning (12110): Net "data_in_a[0]" is missing source, defaulting to GND File: C:/Users/rizne/Desktop/eec180/lab6/part4/top.v Line: 29
    Warning (12110): Net "write_enable_a" is missing source, defaulting to GND File: C:/Users/rizne/Desktop/eec180/lab6/part4/top.v Line: 42
Warning (12011): Net is missing source, defaulting to GND
    Warning (12110): Net "data_in_a[7]" is missing source, defaulting to GND File: C:/Users/rizne/Desktop/eec180/lab6/part4/top.v Line: 29
    Warning (12110): Net "data_in_a[6]" is missing source, defaulting to GND File: C:/Users/rizne/Desktop/eec180/lab6/part4/top.v Line: 29
    Warning (12110): Net "data_in_a[5]" is missing source, defaulting to GND File: C:/Users/rizne/Desktop/eec180/lab6/part4/top.v Line: 29
    Warning (12110): Net "data_in_a[4]" is missing source, defaulting to GND File: C:/Users/rizne/Desktop/eec180/lab6/part4/top.v Line: 29
    Warning (12110): Net "data_in_a[3]" is missing source, defaulting to GND File: C:/Users/rizne/Desktop/eec180/lab6/part4/top.v Line: 29
    Warning (12110): Net "data_in_a[2]" is missing source, defaulting to GND File: C:/Users/rizne/Desktop/eec180/lab6/part4/top.v Line: 29
    Warning (12110): Net "data_in_a[1]" is missing source, defaulting to GND File: C:/Users/rizne/Desktop/eec180/lab6/part4/top.v Line: 29
    Warning (12110): Net "data_in_a[0]" is missing source, defaulting to GND File: C:/Users/rizne/Desktop/eec180/lab6/part4/top.v Line: 29
    Warning (12110): Net "write_enable_a" is missing source, defaulting to GND File: C:/Users/rizne/Desktop/eec180/lab6/part4/top.v Line: 42
Warning (14026): LATCH primitive "controlFSM:control|next_state.00_228" is permanently enabled File: C:/Users/rizne/Desktop/eec180/lab6/part4/controlfsm.v Line: 38
Warning (14026): LATCH primitive "controlFSM:control|tempclock[0]" is permanently enabled File: C:/Users/rizne/Desktop/eec180/lab6/part4/controlfsm.v Line: 38
Warning (14026): LATCH primitive "controlFSM:control|next_state.01_218" is permanently enabled File: C:/Users/rizne/Desktop/eec180/lab6/part4/controlfsm.v Line: 38
Info (286030): Timing-Driven Synthesis is running
Info (17049): 1 registers lost all their fanouts during netlist optimizations.
Info (16010): Generating hard_block partition "hard_block:auto_generated_inst"
    Info (16011): Adding 0 node(s), including 0 DDIO, 0 PLL, 0 transceiver and 0 LCELL
Info (21057): Implemented 44 device resources after synthesis - the final resource count might be different
    Info (21058): Implemented 3 input pins
    Info (21059): Implemented 12 output pins
    Info (21061): Implemented 29 logic cells
Info: Quartus Prime Analysis & Synthesis was successful. 0 errors, 50 warnings
    Info: Peak virtual memory: 4763 megabytes
    Info: Processing ended: Mon Mar 14 20:06:32 2022
    Info: Elapsed time: 00:00:14
    Info: Total CPU time (on all processors): 00:00:32


