Analysis & Synthesis report for top
Wed Jan 19 10:35:55 2022
Quartus Prime Version 20.1.1 Build 720 11/11/2020 SJ Lite Edition


---------------------
; Table of Contents ;
---------------------
  1. Legal Notice
  2. Analysis & Synthesis Summary
  3. Analysis & Synthesis Settings
  4. Parallel Compilation
  5. Analysis & Synthesis Source Files Read
  6. Analysis & Synthesis Resource Usage Summary
  7. Analysis & Synthesis Resource Utilization by Entity
  8. General Register Statistics
  9. Port Connectivity Checks: "seg7:u_2"
 10. Port Connectivity Checks: "add4bit:bit4_1"
 11. Port Connectivity Checks: "add4bit:bit4_0"
 12. Post-Synthesis Netlist Statistics for Top Partition
 13. Elapsed Time Per Partition
 14. Analysis & Synthesis Messages



----------------
; Legal Notice ;
----------------
Copyright (C) 2020  Intel Corporation. All rights reserved.
Your use of Intel Corporation's design tools, logic functions 
and other software and tools, and any partner logic 
functions, and any output files from any of the foregoing 
(including device programming or simulation files), and any 
associated documentation or information are expressly subject 
to the terms and conditions of the Intel Program License 
Subscription Agreement, the Intel Quartus Prime License Agreement,
the Intel FPGA IP License Agreement, or other applicable license
agreement, including, without limitation, that your use is for
the sole purpose of programming logic devices manufactured by
Intel and sold by Intel or its authorized distributors.  Please
refer to the applicable agreement for further details, at
https://fpgasoftware.intel.com/eula.



+----------------------------------------------------------------------------------+
; Analysis & Synthesis Summary                                                     ;
+------------------------------------+---------------------------------------------+
; Analysis & Synthesis Status        ; Successful - Wed Jan 19 10:35:55 2022       ;
; Quartus Prime Version              ; 20.1.1 Build 720 11/11/2020 SJ Lite Edition ;
; Revision Name                      ; top                                         ;
; Top-level Entity Name              ; top                                         ;
; Family                             ; MAX 10                                      ;
; Total logic elements               ; 15                                          ;
;     Total combinational functions  ; 15                                          ;
;     Dedicated logic registers      ; 0                                           ;
; Total registers                    ; 0                                           ;
; Total pins                         ; 75                                          ;
; Total virtual pins                 ; 0                                           ;
; Total memory bits                  ; 0                                           ;
; Embedded Multiplier 9-bit elements ; 0                                           ;
; Total PLLs                         ; 0                                           ;
; UFM blocks                         ; 0                                           ;
; ADC blocks                         ; 0                                           ;
+------------------------------------+---------------------------------------------+


+------------------------------------------------------------------------------------------------------------+
; Analysis & Synthesis Settings                                                                              ;
+------------------------------------------------------------------+--------------------+--------------------+
; Option                                                           ; Setting            ; Default Value      ;
+------------------------------------------------------------------+--------------------+--------------------+
; Device                                                           ; 10M50DAF484C7G     ;                    ;
; Top-level entity name                                            ; top                ; top                ;
; Family name                                                      ; MAX 10 FPGA        ; Cyclone V          ;
; Use smart compilation                                            ; Off                ; Off                ;
; Enable parallel Assembler and Timing Analyzer during compilation ; On                 ; On                 ;
; Enable compact report table                                      ; Off                ; Off                ;
; Restructure Multiplexers                                         ; Auto               ; Auto               ;
; Create Debugging Nodes for IP Cores                              ; Off                ; Off                ;
; Preserve fewer node names                                        ; On                 ; On                 ;
; Intel FPGA IP Evaluation Mode                                    ; Enable             ; Enable             ;
; Verilog Version                                                  ; Verilog_2001       ; Verilog_2001       ;
; VHDL Version                                                     ; VHDL_1993          ; VHDL_1993          ;
; State Machine Processing                                         ; Auto               ; Auto               ;
; Safe State Machine                                               ; Off                ; Off                ;
; Extract Verilog State Machines                                   ; On                 ; On                 ;
; Extract VHDL State Machines                                      ; On                 ; On                 ;
; Ignore Verilog initial constructs                                ; Off                ; Off                ;
; Iteration limit for constant Verilog loops                       ; 5000               ; 5000               ;
; Iteration limit for non-constant Verilog loops                   ; 250                ; 250                ;
; Add Pass-Through Logic to Inferred RAMs                          ; On                 ; On                 ;
; Infer RAMs from Raw Logic                                        ; On                 ; On                 ;
; Parallel Synthesis                                               ; On                 ; On                 ;
; DSP Block Balancing                                              ; Auto               ; Auto               ;
; NOT Gate Push-Back                                               ; On                 ; On                 ;
; Power-Up Don't Care                                              ; On                 ; On                 ;
; Remove Redundant Logic Cells                                     ; Off                ; Off                ;
; Remove Duplicate Registers                                       ; On                 ; On                 ;
; Ignore CARRY Buffers                                             ; Off                ; Off                ;
; Ignore CASCADE Buffers                                           ; Off                ; Off                ;
; Ignore GLOBAL Buffers                                            ; Off                ; Off                ;
; Ignore ROW GLOBAL Buffers                                        ; Off                ; Off                ;
; Ignore LCELL Buffers                                             ; Off                ; Off                ;
; Ignore SOFT Buffers                                              ; On                 ; On                 ;
; Limit AHDL Integers to 32 Bits                                   ; Off                ; Off                ;
; Optimization Technique                                           ; Balanced           ; Balanced           ;
; Carry Chain Length                                               ; 70                 ; 70                 ;
; Auto Carry Chains                                                ; On                 ; On                 ;
; Auto Open-Drain Pins                                             ; On                 ; On                 ;
; Perform WYSIWYG Primitive Resynthesis                            ; Off                ; Off                ;
; Auto ROM Replacement                                             ; On                 ; On                 ;
; Auto RAM Replacement                                             ; On                 ; On                 ;
; Auto DSP Block Replacement                                       ; On                 ; On                 ;
; Auto Shift Register Replacement                                  ; Auto               ; Auto               ;
; Allow Shift Register Merging across Hierarchies                  ; Auto               ; Auto               ;
; Auto Clock Enable Replacement                                    ; On                 ; On                 ;
; Strict RAM Replacement                                           ; Off                ; Off                ;
; Allow Synchronous Control Signals                                ; On                 ; On                 ;
; Force Use of Synchronous Clear Signals                           ; Off                ; Off                ;
; Auto RAM Block Balancing                                         ; On                 ; On                 ;
; Auto RAM to Logic Cell Conversion                                ; Off                ; Off                ;
; Auto Resource Sharing                                            ; Off                ; Off                ;
; Allow Any RAM Size For Recognition                               ; Off                ; Off                ;
; Allow Any ROM Size For Recognition                               ; Off                ; Off                ;
; Allow Any Shift Register Size For Recognition                    ; Off                ; Off                ;
; Use LogicLock Constraints during Resource Balancing              ; On                 ; On                 ;
; Ignore translate_off and synthesis_off directives                ; Off                ; Off                ;
; Timing-Driven Synthesis                                          ; On                 ; On                 ;
; Report Parameter Settings                                        ; On                 ; On                 ;
; Report Source Assignments                                        ; On                 ; On                 ;
; Report Connectivity Checks                                       ; On                 ; On                 ;
; Ignore Maximum Fan-Out Assignments                               ; Off                ; Off                ;
; Synchronization Register Chain Length                            ; 2                  ; 2                  ;
; Power Optimization During Synthesis                              ; Normal compilation ; Normal compilation ;
; HDL message level                                                ; Level2             ; Level2             ;
; Suppress Register Optimization Related Messages                  ; Off                ; Off                ;
; Number of Removed Registers Reported in Synthesis Report         ; 5000               ; 5000               ;
; Number of Swept Nodes Reported in Synthesis Report               ; 5000               ; 5000               ;
; Number of Inverted Registers Reported in Synthesis Report        ; 100                ; 100                ;
; Clock MUX Protection                                             ; On                 ; On                 ;
; Auto Gated Clock Conversion                                      ; Off                ; Off                ;
; Block Design Naming                                              ; Auto               ; Auto               ;
; SDC constraint protection                                        ; Off                ; Off                ;
; Synthesis Effort                                                 ; Auto               ; Auto               ;
; Shift Register Replacement - Allow Asynchronous Clear Signal     ; On                 ; On                 ;
; Pre-Mapping Resynthesis Optimization                             ; Off                ; Off                ;
; Analysis & Synthesis Message Level                               ; Medium             ; Medium             ;
; Disable Register Merging Across Hierarchies                      ; Auto               ; Auto               ;
; Resource Aware Inference For Block RAM                           ; On                 ; On                 ;
+------------------------------------------------------------------+--------------------+--------------------+


+------------------------------------------+
; Parallel Compilation                     ;
+----------------------------+-------------+
; Processors                 ; Number      ;
+----------------------------+-------------+
; Number detected on machine ; 8           ;
; Maximum allowed            ; 4           ;
;                            ;             ;
; Average used               ; 1.00        ;
; Maximum used               ; 1           ;
;                            ;             ;
; Usage by Processor         ; % Time Used ;
;     Processor 1            ; 100.0%      ;
+----------------------------+-------------+


+-------------------------------------------------------------------------------------------------------------------------------------------------+
; Analysis & Synthesis Source Files Read                                                                                                          ;
+----------------------------------+-----------------+------------------------------+---------------------------------------------------+---------+
; File Name with User-Entered Path ; Used in Netlist ; File Type                    ; File Name with Absolute Path                      ; Library ;
+----------------------------------+-----------------+------------------------------+---------------------------------------------------+---------+
; seg7.v                           ; yes             ; User Verilog HDL File        ; C:/Users/rizne/Desktop/eec180/lab2/lab2/seg7.v    ;         ;
; fa.v                             ; yes             ; User Verilog HDL File        ; C:/Users/rizne/Desktop/eec180/lab2/lab2/fa.v      ;         ;
; add4bit.v                        ; yes             ; User Verilog HDL File        ; C:/Users/rizne/Desktop/eec180/lab2/lab2/add4bit.v ;         ;
; top.v                            ; yes             ; Auto-Found Verilog HDL File  ; C:/Users/rizne/Desktop/eec180/lab2/lab2/top.v     ;         ;
+----------------------------------+-----------------+------------------------------+---------------------------------------------------+---------+


+-----------------------------------------------------------+
; Analysis & Synthesis Resource Usage Summary               ;
+---------------------------------------------+-------------+
; Resource                                    ; Usage       ;
+---------------------------------------------+-------------+
; Estimated Total logic elements              ; 15          ;
;                                             ;             ;
; Total combinational functions               ; 15          ;
; Logic element usage by number of LUT inputs ;             ;
;     -- 4 input functions                    ; 15          ;
;     -- 3 input functions                    ; 0           ;
;     -- <=2 input functions                  ; 0           ;
;                                             ;             ;
; Logic elements by mode                      ;             ;
;     -- normal mode                          ; 15          ;
;     -- arithmetic mode                      ; 0           ;
;                                             ;             ;
; Total registers                             ; 0           ;
;     -- Dedicated logic registers            ; 0           ;
;     -- I/O registers                        ; 0           ;
;                                             ;             ;
; I/O pins                                    ; 75          ;
;                                             ;             ;
; Embedded Multiplier 9-bit elements          ; 0           ;
;                                             ;             ;
; Maximum fan-out node                        ; SW[0]~input ;
; Maximum fan-out                             ; 17          ;
; Total fan-out                               ; 152         ;
; Average fan-out                             ; 0.92        ;
+---------------------------------------------+-------------+


+-------------------------------------------------------------------------------------------------------------------------------------------------------------------------------------------------------------------------------------------+
; Analysis & Synthesis Resource Utilization by Entity                                                                                                                                                                                       ;
+----------------------------+---------------------+---------------------------+-------------+------------+--------------+---------+-----------+------+--------------+------------+----------------------------+-------------+--------------+
; Compilation Hierarchy Node ; Combinational ALUTs ; Dedicated Logic Registers ; Memory Bits ; UFM Blocks ; DSP Elements ; DSP 9x9 ; DSP 18x18 ; Pins ; Virtual Pins ; ADC blocks ; Full Hierarchy Name        ; Entity Name ; Library Name ;
+----------------------------+---------------------+---------------------------+-------------+------------+--------------+---------+-----------+------+--------------+------------+----------------------------+-------------+--------------+
; |top                       ; 15 (0)              ; 0 (0)                     ; 0           ; 0          ; 0            ; 0       ; 0         ; 75   ; 0            ; 0          ; |top                       ; top         ; work         ;
;    |add4bit:bit4_1|        ; 1 (0)               ; 0 (0)                     ; 0           ; 0          ; 0            ; 0       ; 0         ; 0    ; 0            ; 0          ; |top|add4bit:bit4_1        ; add4bit     ; work         ;
;       |fa:fa3|             ; 1 (1)               ; 0 (0)                     ; 0           ; 0          ; 0            ; 0       ; 0         ; 0    ; 0            ; 0          ; |top|add4bit:bit4_1|fa:fa3 ; fa          ; work         ;
;    |seg7:u_0|              ; 7 (7)               ; 0 (0)                     ; 0           ; 0          ; 0            ; 0       ; 0         ; 0    ; 0            ; 0          ; |top|seg7:u_0              ; seg7        ; work         ;
;    |seg7:u_1|              ; 7 (7)               ; 0 (0)                     ; 0           ; 0          ; 0            ; 0       ; 0         ; 0    ; 0            ; 0          ; |top|seg7:u_1              ; seg7        ; work         ;
+----------------------------+---------------------+---------------------------+-------------+------------+--------------+---------+-----------+------+--------------+------------+----------------------------+-------------+--------------+
Note: For table entries with two numbers listed, the numbers in parentheses indicate the number of resources of the given type used by the specific entity alone. The numbers listed outside of parentheses indicate the total resources of the given type used by the specific entity and all of its sub-entities in the hierarchy.


+------------------------------------------------------+
; General Register Statistics                          ;
+----------------------------------------------+-------+
; Statistic                                    ; Value ;
+----------------------------------------------+-------+
; Total registers                              ; 0     ;
; Number of registers using Synchronous Clear  ; 0     ;
; Number of registers using Synchronous Load   ; 0     ;
; Number of registers using Asynchronous Clear ; 0     ;
; Number of registers using Asynchronous Load  ; 0     ;
; Number of registers using Clock Enable       ; 0     ;
; Number of registers using Preset             ; 0     ;
+----------------------------------------------+-------+


+---------------------------------------------------------------------------------------------------------------------------------------------------------------------------------------------------------------+
; Port Connectivity Checks: "seg7:u_2"                                                                                                                                                                          ;
+--------+--------+----------+----------------------------------------------------------------------------------------------------------------------------------------------------------------------------------+
; Port   ; Type   ; Severity ; Details                                                                                                                                                                          ;
+--------+--------+----------+----------------------------------------------------------------------------------------------------------------------------------------------------------------------------------+
; bit4   ; Input  ; Warning  ; Input port expression (8 bits) is wider than the input port (4 bits) it drives.  The 4 most-significant bit(s) in the expression will be dangling if they have no other fanouts. ;
; HEXOUT ; Output ; Warning  ; Declared by entity but not connected by instance. Logic that only feeds a dangling port will be removed.                                                                         ;
+--------+--------+----------+----------------------------------------------------------------------------------------------------------------------------------------------------------------------------------+


+----------------------------------------------------------------------------------------------------------------------------------------------------------------------------------------------------------------+
; Port Connectivity Checks: "add4bit:bit4_1"                                                                                                                                                                     ;
+---------+-------+----------+-----------------------------------------------------------------------------------------------------------------------------------------------------------------------------------+
; Port    ; Type  ; Severity ; Details                                                                                                                                                                           ;
+---------+-------+----------+-----------------------------------------------------------------------------------------------------------------------------------------------------------------------------------+
; a       ; Input ; Warning  ; Input port expression (10 bits) is wider than the input port (4 bits) it drives.  The 6 most-significant bit(s) in the expression will be dangling if they have no other fanouts. ;
; b[3..1] ; Input ; Info     ; Stuck at GND                                                                                                                                                                      ;
; b[0]    ; Input ; Info     ; Stuck at VCC                                                                                                                                                                      ;
; ci      ; Input ; Info     ; Stuck at GND                                                                                                                                                                      ;
+---------+-------+----------+-----------------------------------------------------------------------------------------------------------------------------------------------------------------------------------+


+-------------------------------------------------------------------------------------------------------------------------------------------------------------------------------------------------------------+
; Port Connectivity Checks: "add4bit:bit4_0"                                                                                                                                                                  ;
+------+-------+----------+-----------------------------------------------------------------------------------------------------------------------------------------------------------------------------------+
; Port ; Type  ; Severity ; Details                                                                                                                                                                           ;
+------+-------+----------+-----------------------------------------------------------------------------------------------------------------------------------------------------------------------------------+
; a    ; Input ; Warning  ; Input port expression (10 bits) is wider than the input port (4 bits) it drives.  The 6 most-significant bit(s) in the expression will be dangling if they have no other fanouts. ;
; b    ; Input ; Info     ; Stuck at GND                                                                                                                                                                      ;
; ci   ; Input ; Info     ; Stuck at GND                                                                                                                                                                      ;
+------+-------+----------+-----------------------------------------------------------------------------------------------------------------------------------------------------------------------------------+


+-----------------------------------------------------+
; Post-Synthesis Netlist Statistics for Top Partition ;
+-----------------------+-----------------------------+
; Type                  ; Count                       ;
+-----------------------+-----------------------------+
; boundary_port         ; 75                          ;
; cycloneiii_lcell_comb ; 24                          ;
;     normal            ; 24                          ;
;         0 data inputs ; 2                           ;
;         1 data inputs ; 7                           ;
;         4 data inputs ; 15                          ;
;                       ;                             ;
; Max LUT depth         ; 2.00                        ;
; Average LUT depth     ; 1.50                        ;
+-----------------------+-----------------------------+


+-------------------------------+
; Elapsed Time Per Partition    ;
+----------------+--------------+
; Partition Name ; Elapsed Time ;
+----------------+--------------+
; Top            ; 00:00:00     ;
+----------------+--------------+


+-------------------------------+
; Analysis & Synthesis Messages ;
+-------------------------------+
Info: *******************************************************************
Info: Running Quartus Prime Analysis & Synthesis
    Info: Version 20.1.1 Build 720 11/11/2020 SJ Lite Edition
    Info: Processing started: Wed Jan 19 10:35:42 2022
Info: Command: quartus_map --read_settings_files=on --write_settings_files=off top -c top
Warning (18236): Number of processors has not been specified which may cause overloading on shared machines.  Set the global assignment NUM_PARALLEL_PROCESSORS in your QSF to an appropriate value for best performance.
Info (20030): Parallel compilation is enabled and will use 4 of the 4 processors detected
Info (12021): Found 1 design units, including 1 entities, in source file seg7.v
    Info (12023): Found entity 1: seg7 File: C:/Users/rizne/Desktop/eec180/lab2/lab2/seg7.v Line: 5
Info (12021): Found 1 design units, including 1 entities, in source file fa.v
    Info (12023): Found entity 1: fa File: C:/Users/rizne/Desktop/eec180/lab2/lab2/fa.v Line: 5
Info (12021): Found 1 design units, including 1 entities, in source file add4bit.v
    Info (12023): Found entity 1: add4bit File: C:/Users/rizne/Desktop/eec180/lab2/lab2/add4bit.v Line: 5
Warning (12125): Using design file top.v, which is not specified as a design file for the current project, but contains definitions for 1 design units and 1 entities in project
    Info (12023): Found entity 1: top File: C:/Users/rizne/Desktop/eec180/lab2/lab2/top.v Line: 6
Info (12127): Elaborating entity "top" for the top level hierarchy
Warning (10230): Verilog HDL assignment warning at top.v(79): truncated value with size 4 to match size of target (1) File: C:/Users/rizne/Desktop/eec180/lab2/lab2/top.v Line: 79
Warning (10230): Verilog HDL assignment warning at top.v(80): truncated value with size 4 to match size of target (1) File: C:/Users/rizne/Desktop/eec180/lab2/lab2/top.v Line: 80
Warning (10034): Output port "LEDR[9..2]" at top.v(25) has no driver File: C:/Users/rizne/Desktop/eec180/lab2/lab2/top.v Line: 25
Info (12128): Elaborating entity "add4bit" for hierarchy "add4bit:bit4_0" File: C:/Users/rizne/Desktop/eec180/lab2/lab2/top.v Line: 56
Info (12128): Elaborating entity "fa" for hierarchy "add4bit:bit4_0|fa:fa0" File: C:/Users/rizne/Desktop/eec180/lab2/lab2/add4bit.v Line: 38
Info (12128): Elaborating entity "seg7" for hierarchy "seg7:u_0" File: C:/Users/rizne/Desktop/eec180/lab2/lab2/top.v Line: 69
Warning (12241): 3 hierarchies have connectivity warnings - see the Connectivity Checks report folder
Warning (13024): Output pins are stuck at VCC or GND
    Warning (13410): Pin "HEX0[7]" is stuck at VCC File: C:/Users/rizne/Desktop/eec180/lab2/lab2/top.v Line: 14
    Warning (13410): Pin "HEX1[7]" is stuck at VCC File: C:/Users/rizne/Desktop/eec180/lab2/lab2/top.v Line: 15
    Warning (13410): Pin "HEX2[0]" is stuck at VCC File: C:/Users/rizne/Desktop/eec180/lab2/lab2/top.v Line: 16
    Warning (13410): Pin "HEX2[1]" is stuck at VCC File: C:/Users/rizne/Desktop/eec180/lab2/lab2/top.v Line: 16
    Warning (13410): Pin "HEX2[2]" is stuck at VCC File: C:/Users/rizne/Desktop/eec180/lab2/lab2/top.v Line: 16
    Warning (13410): Pin "HEX2[3]" is stuck at VCC File: C:/Users/rizne/Desktop/eec180/lab2/lab2/top.v Line: 16
    Warning (13410): Pin "HEX2[4]" is stuck at VCC File: C:/Users/rizne/Desktop/eec180/lab2/lab2/top.v Line: 16
    Warning (13410): Pin "HEX2[5]" is stuck at VCC File: C:/Users/rizne/Desktop/eec180/lab2/lab2/top.v Line: 16
    Warning (13410): Pin "HEX2[6]" is stuck at VCC File: C:/Users/rizne/Desktop/eec180/lab2/lab2/top.v Line: 16
    Warning (13410): Pin "HEX2[7]" is stuck at VCC File: C:/Users/rizne/Desktop/eec180/lab2/lab2/top.v Line: 16
    Warning (13410): Pin "HEX3[0]" is stuck at VCC File: C:/Users/rizne/Desktop/eec180/lab2/lab2/top.v Line: 17
    Warning (13410): Pin "HEX3[1]" is stuck at VCC File: C:/Users/rizne/Desktop/eec180/lab2/lab2/top.v Line: 17
    Warning (13410): Pin "HEX3[2]" is stuck at VCC File: C:/Users/rizne/Desktop/eec180/lab2/lab2/top.v Line: 17
    Warning (13410): Pin "HEX3[3]" is stuck at VCC File: C:/Users/rizne/Desktop/eec180/lab2/lab2/top.v Line: 17
    Warning (13410): Pin "HEX3[4]" is stuck at VCC File: C:/Users/rizne/Desktop/eec180/lab2/lab2/top.v Line: 17
    Warning (13410): Pin "HEX3[5]" is stuck at VCC File: C:/Users/rizne/Desktop/eec180/lab2/lab2/top.v Line: 17
    Warning (13410): Pin "HEX3[6]" is stuck at VCC File: C:/Users/rizne/Desktop/eec180/lab2/lab2/top.v Line: 17
    Warning (13410): Pin "HEX3[7]" is stuck at VCC File: C:/Users/rizne/Desktop/eec180/lab2/lab2/top.v Line: 17
    Warning (13410): Pin "HEX4[0]" is stuck at GND File: C:/Users/rizne/Desktop/eec180/lab2/lab2/top.v Line: 18
    Warning (13410): Pin "HEX4[1]" is stuck at GND File: C:/Users/rizne/Desktop/eec180/lab2/lab2/top.v Line: 18
    Warning (13410): Pin "HEX4[2]" is stuck at GND File: C:/Users/rizne/Desktop/eec180/lab2/lab2/top.v Line: 18
    Warning (13410): Pin "HEX4[3]" is stuck at GND File: C:/Users/rizne/Desktop/eec180/lab2/lab2/top.v Line: 18
    Warning (13410): Pin "HEX4[4]" is stuck at GND File: C:/Users/rizne/Desktop/eec180/lab2/lab2/top.v Line: 18
    Warning (13410): Pin "HEX4[5]" is stuck at GND File: C:/Users/rizne/Desktop/eec180/lab2/lab2/top.v Line: 18
    Warning (13410): Pin "HEX4[6]" is stuck at GND File: C:/Users/rizne/Desktop/eec180/lab2/lab2/top.v Line: 18
    Warning (13410): Pin "HEX4[7]" is stuck at GND File: C:/Users/rizne/Desktop/eec180/lab2/lab2/top.v Line: 18
    Warning (13410): Pin "HEX5[0]" is stuck at VCC File: C:/Users/rizne/Desktop/eec180/lab2/lab2/top.v Line: 19
    Warning (13410): Pin "HEX5[1]" is stuck at VCC File: C:/Users/rizne/Desktop/eec180/lab2/lab2/top.v Line: 19
    Warning (13410): Pin "HEX5[2]" is stuck at VCC File: C:/Users/rizne/Desktop/eec180/lab2/lab2/top.v Line: 19
    Warning (13410): Pin "HEX5[3]" is stuck at VCC File: C:/Users/rizne/Desktop/eec180/lab2/lab2/top.v Line: 19
    Warning (13410): Pin "HEX5[4]" is stuck at VCC File: C:/Users/rizne/Desktop/eec180/lab2/lab2/top.v Line: 19
    Warning (13410): Pin "HEX5[5]" is stuck at VCC File: C:/Users/rizne/Desktop/eec180/lab2/lab2/top.v Line: 19
    Warning (13410): Pin "HEX5[6]" is stuck at VCC File: C:/Users/rizne/Desktop/eec180/lab2/lab2/top.v Line: 19
    Warning (13410): Pin "HEX5[7]" is stuck at VCC File: C:/Users/rizne/Desktop/eec180/lab2/lab2/top.v Line: 19
    Warning (13410): Pin "LEDR[2]" is stuck at GND File: C:/Users/rizne/Desktop/eec180/lab2/lab2/top.v Line: 25
    Warning (13410): Pin "LEDR[3]" is stuck at GND File: C:/Users/rizne/Desktop/eec180/lab2/lab2/top.v Line: 25
    Warning (13410): Pin "LEDR[4]" is stuck at GND File: C:/Users/rizne/Desktop/eec180/lab2/lab2/top.v Line: 25
    Warning (13410): Pin "LEDR[5]" is stuck at GND File: C:/Users/rizne/Desktop/eec180/lab2/lab2/top.v Line: 25
    Warning (13410): Pin "LEDR[6]" is stuck at GND File: C:/Users/rizne/Desktop/eec180/lab2/lab2/top.v Line: 25
    Warning (13410): Pin "LEDR[7]" is stuck at GND File: C:/Users/rizne/Desktop/eec180/lab2/lab2/top.v Line: 25
    Warning (13410): Pin "LEDR[8]" is stuck at GND File: C:/Users/rizne/Desktop/eec180/lab2/lab2/top.v Line: 25
    Warning (13410): Pin "LEDR[9]" is stuck at GND File: C:/Users/rizne/Desktop/eec180/lab2/lab2/top.v Line: 25
    Warning (13410): Pin "coo[0]" is stuck at GND File: C:/Users/rizne/Desktop/eec180/lab2/lab2/top.v Line: 31
Info (286030): Timing-Driven Synthesis is running
Info (16010): Generating hard_block partition "hard_block:auto_generated_inst"
    Info (16011): Adding 0 node(s), including 0 DDIO, 0 PLL, 0 transceiver and 0 LCELL
Warning (21074): Design contains 11 input pin(s) that do not drive logic
    Warning (15610): No output dependent on input pin "ADC_CLK_10" File: C:/Users/rizne/Desktop/eec180/lab2/lab2/top.v Line: 9
    Warning (15610): No output dependent on input pin "MAX10_CLK1_50" File: C:/Users/rizne/Desktop/eec180/lab2/lab2/top.v Line: 10
    Warning (15610): No output dependent on input pin "MAX10_CLK2_50" File: C:/Users/rizne/Desktop/eec180/lab2/lab2/top.v Line: 11
    Warning (15610): No output dependent on input pin "KEY[0]" File: C:/Users/rizne/Desktop/eec180/lab2/lab2/top.v Line: 22
    Warning (15610): No output dependent on input pin "KEY[1]" File: C:/Users/rizne/Desktop/eec180/lab2/lab2/top.v Line: 22
    Warning (15610): No output dependent on input pin "SW[4]" File: C:/Users/rizne/Desktop/eec180/lab2/lab2/top.v Line: 28
    Warning (15610): No output dependent on input pin "SW[5]" File: C:/Users/rizne/Desktop/eec180/lab2/lab2/top.v Line: 28
    Warning (15610): No output dependent on input pin "SW[6]" File: C:/Users/rizne/Desktop/eec180/lab2/lab2/top.v Line: 28
    Warning (15610): No output dependent on input pin "SW[7]" File: C:/Users/rizne/Desktop/eec180/lab2/lab2/top.v Line: 28
    Warning (15610): No output dependent on input pin "SW[8]" File: C:/Users/rizne/Desktop/eec180/lab2/lab2/top.v Line: 28
    Warning (15610): No output dependent on input pin "SW[9]" File: C:/Users/rizne/Desktop/eec180/lab2/lab2/top.v Line: 28
Info (21057): Implemented 90 device resources after synthesis - the final resource count might be different
    Info (21058): Implemented 15 input pins
    Info (21059): Implemented 60 output pins
    Info (21061): Implemented 15 logic cells
Info: Quartus Prime Analysis & Synthesis was successful. 0 errors, 62 warnings
    Info: Peak virtual memory: 4747 megabytes
    Info: Processing ended: Wed Jan 19 10:35:55 2022
    Info: Elapsed time: 00:00:13
    Info: Total CPU time (on all processors): 00:00:32


