Analysis & Synthesis report for top
Thu Feb 24 11:10:44 2022
Quartus Prime Version 20.1.1 Build 720 11/11/2020 SJ Lite Edition


---------------------
; Table of Contents ;
---------------------
  1. Legal Notice
  2. Analysis & Synthesis Summary
  3. Analysis & Synthesis Settings
  4. Parallel Compilation
  5. Analysis & Synthesis Source Files Read
  6. Analysis & Synthesis Resource Usage Summary
  7. Analysis & Synthesis Resource Utilization by Entity
  8. Registers Removed During Synthesis
  9. General Register Statistics
 10. Multiplexer Restructuring Statistics (Restructuring Performed)
 11. Port Connectivity Checks: "counter1:ctr1"
 12. Post-Synthesis Netlist Statistics for Top Partition
 13. Elapsed Time Per Partition
 14. Analysis & Synthesis Messages



----------------
; Legal Notice ;
----------------
Copyright (C) 2020  Intel Corporation. All rights reserved.
Your use of Intel Corporation's design tools, logic functions 
and other software and tools, and any partner logic 
functions, and any output files from any of the foregoing 
(including device programming or simulation files), and any 
associated documentation or information are expressly subject 
to the terms and conditions of the Intel Program License 
Subscription Agreement, the Intel Quartus Prime License Agreement,
the Intel FPGA IP License Agreement, or other applicable license
agreement, including, without limitation, that your use is for
the sole purpose of programming logic devices manufactured by
Intel and sold by Intel or its authorized distributors.  Please
refer to the applicable agreement for further details, at
https://fpgasoftware.intel.com/eula.



+----------------------------------------------------------------------------------+
; Analysis & Synthesis Summary                                                     ;
+------------------------------------+---------------------------------------------+
; Analysis & Synthesis Status        ; Successful - Thu Feb 24 11:10:44 2022       ;
; Quartus Prime Version              ; 20.1.1 Build 720 11/11/2020 SJ Lite Edition ;
; Revision Name                      ; top                                         ;
; Top-level Entity Name              ; top                                         ;
; Family                             ; MAX 10                                      ;
; Total logic elements               ; 104                                         ;
;     Total combinational functions  ; 104                                         ;
;     Dedicated logic registers      ; 32                                          ;
; Total registers                    ; 32                                          ;
; Total pins                         ; 105                                         ;
; Total virtual pins                 ; 0                                           ;
; Total memory bits                  ; 0                                           ;
; Embedded Multiplier 9-bit elements ; 0                                           ;
; Total PLLs                         ; 0                                           ;
; UFM blocks                         ; 0                                           ;
; ADC blocks                         ; 0                                           ;
+------------------------------------+---------------------------------------------+


+------------------------------------------------------------------------------------------------------------+
; Analysis & Synthesis Settings                                                                              ;
+------------------------------------------------------------------+--------------------+--------------------+
; Option                                                           ; Setting            ; Default Value      ;
+------------------------------------------------------------------+--------------------+--------------------+
; Device                                                           ; 10M50DAF484C7G     ;                    ;
; Top-level entity name                                            ; top                ; top                ;
; Family name                                                      ; MAX 10 FPGA        ; Cyclone V          ;
; Use smart compilation                                            ; Off                ; Off                ;
; Enable parallel Assembler and Timing Analyzer during compilation ; On                 ; On                 ;
; Enable compact report table                                      ; Off                ; Off                ;
; Restructure Multiplexers                                         ; Auto               ; Auto               ;
; Create Debugging Nodes for IP Cores                              ; Off                ; Off                ;
; Preserve fewer node names                                        ; On                 ; On                 ;
; Intel FPGA IP Evaluation Mode                                    ; Enable             ; Enable             ;
; Verilog Version                                                  ; Verilog_2001       ; Verilog_2001       ;
; VHDL Version                                                     ; VHDL_1993          ; VHDL_1993          ;
; State Machine Processing                                         ; Auto               ; Auto               ;
; Safe State Machine                                               ; Off                ; Off                ;
; Extract Verilog State Machines                                   ; On                 ; On                 ;
; Extract VHDL State Machines                                      ; On                 ; On                 ;
; Ignore Verilog initial constructs                                ; Off                ; Off                ;
; Iteration limit for constant Verilog loops                       ; 5000               ; 5000               ;
; Iteration limit for non-constant Verilog loops                   ; 250                ; 250                ;
; Add Pass-Through Logic to Inferred RAMs                          ; On                 ; On                 ;
; Infer RAMs from Raw Logic                                        ; On                 ; On                 ;
; Parallel Synthesis                                               ; On                 ; On                 ;
; DSP Block Balancing                                              ; Auto               ; Auto               ;
; NOT Gate Push-Back                                               ; On                 ; On                 ;
; Power-Up Don't Care                                              ; On                 ; On                 ;
; Remove Redundant Logic Cells                                     ; Off                ; Off                ;
; Remove Duplicate Registers                                       ; On                 ; On                 ;
; Ignore CARRY Buffers                                             ; Off                ; Off                ;
; Ignore CASCADE Buffers                                           ; Off                ; Off                ;
; Ignore GLOBAL Buffers                                            ; Off                ; Off                ;
; Ignore ROW GLOBAL Buffers                                        ; Off                ; Off                ;
; Ignore LCELL Buffers                                             ; Off                ; Off                ;
; Ignore SOFT Buffers                                              ; On                 ; On                 ;
; Limit AHDL Integers to 32 Bits                                   ; Off                ; Off                ;
; Optimization Technique                                           ; Balanced           ; Balanced           ;
; Carry Chain Length                                               ; 70                 ; 70                 ;
; Auto Carry Chains                                                ; On                 ; On                 ;
; Auto Open-Drain Pins                                             ; On                 ; On                 ;
; Perform WYSIWYG Primitive Resynthesis                            ; Off                ; Off                ;
; Auto ROM Replacement                                             ; On                 ; On                 ;
; Auto RAM Replacement                                             ; On                 ; On                 ;
; Auto DSP Block Replacement                                       ; On                 ; On                 ;
; Auto Shift Register Replacement                                  ; Auto               ; Auto               ;
; Allow Shift Register Merging across Hierarchies                  ; Auto               ; Auto               ;
; Auto Clock Enable Replacement                                    ; On                 ; On                 ;
; Strict RAM Replacement                                           ; Off                ; Off                ;
; Allow Synchronous Control Signals                                ; On                 ; On                 ;
; Force Use of Synchronous Clear Signals                           ; Off                ; Off                ;
; Auto RAM Block Balancing                                         ; On                 ; On                 ;
; Auto RAM to Logic Cell Conversion                                ; Off                ; Off                ;
; Auto Resource Sharing                                            ; Off                ; Off                ;
; Allow Any RAM Size For Recognition                               ; Off                ; Off                ;
; Allow Any ROM Size For Recognition                               ; Off                ; Off                ;
; Allow Any Shift Register Size For Recognition                    ; Off                ; Off                ;
; Use LogicLock Constraints during Resource Balancing              ; On                 ; On                 ;
; Ignore translate_off and synthesis_off directives                ; Off                ; Off                ;
; Timing-Driven Synthesis                                          ; On                 ; On                 ;
; Report Parameter Settings                                        ; On                 ; On                 ;
; Report Source Assignments                                        ; On                 ; On                 ;
; Report Connectivity Checks                                       ; On                 ; On                 ;
; Ignore Maximum Fan-Out Assignments                               ; Off                ; Off                ;
; Synchronization Register Chain Length                            ; 2                  ; 2                  ;
; Power Optimization During Synthesis                              ; Normal compilation ; Normal compilation ;
; HDL message level                                                ; Level2             ; Level2             ;
; Suppress Register Optimization Related Messages                  ; Off                ; Off                ;
; Number of Removed Registers Reported in Synthesis Report         ; 5000               ; 5000               ;
; Number of Swept Nodes Reported in Synthesis Report               ; 5000               ; 5000               ;
; Number of Inverted Registers Reported in Synthesis Report        ; 100                ; 100                ;
; Clock MUX Protection                                             ; On                 ; On                 ;
; Auto Gated Clock Conversion                                      ; Off                ; Off                ;
; Block Design Naming                                              ; Auto               ; Auto               ;
; SDC constraint protection                                        ; Off                ; Off                ;
; Synthesis Effort                                                 ; Auto               ; Auto               ;
; Shift Register Replacement - Allow Asynchronous Clear Signal     ; On                 ; On                 ;
; Pre-Mapping Resynthesis Optimization                             ; Off                ; Off                ;
; Analysis & Synthesis Message Level                               ; Medium             ; Medium             ;
; Disable Register Merging Across Hierarchies                      ; Auto               ; Auto               ;
; Resource Aware Inference For Block RAM                           ; On                 ; On                 ;
+------------------------------------------------------------------+--------------------+--------------------+


+------------------------------------------+
; Parallel Compilation                     ;
+----------------------------+-------------+
; Processors                 ; Number      ;
+----------------------------+-------------+
; Number detected on machine ; 8           ;
; Maximum allowed            ; 4           ;
;                            ;             ;
; Average used               ; 1.00        ;
; Maximum used               ; 4           ;
;                            ;             ;
; Usage by Processor         ; % Time Used ;
;     Processor 1            ; 100.0%      ;
;     Processors 2-4         ;   0.0%      ;
+----------------------------+-------------+


+----------------------------------------------------------------------------------------------------------------------------------------------------------+
; Analysis & Synthesis Source Files Read                                                                                                                   ;
+----------------------------------+-----------------+------------------------------+------------------------------------------------------------+---------+
; File Name with User-Entered Path ; Used in Netlist ; File Type                    ; File Name with Absolute Path                               ; Library ;
+----------------------------------+-----------------+------------------------------+------------------------------------------------------------+---------+
; seg7.v                           ; yes             ; User Verilog HDL File        ; C:/Users/rizne/Desktop/eec180/lab 5/lab 5 files/seg7.v     ;         ;
; counter1.v                       ; yes             ; User Verilog HDL File        ; C:/Users/rizne/Desktop/eec180/lab 5/lab 5 files/counter1.v ;         ;
; counter2.v                       ; yes             ; User Verilog HDL File        ; C:/Users/rizne/Desktop/eec180/lab 5/lab 5 files/counter2.v ;         ;
; top.v                            ; yes             ; Auto-Found Verilog HDL File  ; C:/Users/rizne/Desktop/eec180/lab 5/lab 5 files/top.v      ;         ;
+----------------------------------+-----------------+------------------------------+------------------------------------------------------------+---------+


+------------------------------------------------------------+
; Analysis & Synthesis Resource Usage Summary                ;
+---------------------------------------------+--------------+
; Resource                                    ; Usage        ;
+---------------------------------------------+--------------+
; Estimated Total logic elements              ; 104          ;
;                                             ;              ;
; Total combinational functions               ; 104          ;
; Logic element usage by number of LUT inputs ;              ;
;     -- 4 input functions                    ; 57           ;
;     -- 3 input functions                    ; 25           ;
;     -- <=2 input functions                  ; 22           ;
;                                             ;              ;
; Logic elements by mode                      ;              ;
;     -- normal mode                          ; 70           ;
;     -- arithmetic mode                      ; 34           ;
;                                             ;              ;
; Total registers                             ; 32           ;
;     -- Dedicated logic registers            ; 32           ;
;     -- I/O registers                        ; 0            ;
;                                             ;              ;
; I/O pins                                    ; 105          ;
;                                             ;              ;
; Embedded Multiplier 9-bit elements          ; 0            ;
;                                             ;              ;
; Maximum fan-out node                        ; KEY[0]~input ;
; Maximum fan-out                             ; 33           ;
; Total fan-out                               ; 659          ;
; Average fan-out                             ; 1.90         ;
+---------------------------------------------+--------------+


+------------------------------------------------------------------------------------------------------------------------------------------------------------------------------------------------------------------------------------+
; Analysis & Synthesis Resource Utilization by Entity                                                                                                                                                                                ;
+----------------------------+---------------------+---------------------------+-------------+------------+--------------+---------+-----------+------+--------------+------------+---------------------+-------------+--------------+
; Compilation Hierarchy Node ; Combinational ALUTs ; Dedicated Logic Registers ; Memory Bits ; UFM Blocks ; DSP Elements ; DSP 9x9 ; DSP 18x18 ; Pins ; Virtual Pins ; ADC blocks ; Full Hierarchy Name ; Entity Name ; Library Name ;
+----------------------------+---------------------+---------------------------+-------------+------------+--------------+---------+-----------+------+--------------+------------+---------------------+-------------+--------------+
; |top                       ; 104 (2)             ; 32 (1)                    ; 0           ; 0          ; 0            ; 0       ; 0         ; 105  ; 0            ; 0          ; |top                ; top         ; work         ;
;    |counter1:ctr1|         ; 27 (27)             ; 7 (7)                     ; 0           ; 0          ; 0            ; 0       ; 0         ; 0    ; 0            ; 0          ; |top|counter1:ctr1  ; counter1    ; work         ;
;    |counter2:ctr2|         ; 33 (33)             ; 24 (24)                   ; 0           ; 0          ; 0            ; 0       ; 0         ; 0    ; 0            ; 0          ; |top|counter2:ctr2  ; counter2    ; work         ;
;    |seg7:u_0|              ; 7 (7)               ; 0 (0)                     ; 0           ; 0          ; 0            ; 0       ; 0         ; 0    ; 0            ; 0          ; |top|seg7:u_0       ; seg7        ; work         ;
;    |seg7:u_1|              ; 7 (7)               ; 0 (0)                     ; 0           ; 0          ; 0            ; 0       ; 0         ; 0    ; 0            ; 0          ; |top|seg7:u_1       ; seg7        ; work         ;
;    |seg7:u_2|              ; 7 (7)               ; 0 (0)                     ; 0           ; 0          ; 0            ; 0       ; 0         ; 0    ; 0            ; 0          ; |top|seg7:u_2       ; seg7        ; work         ;
;    |seg7:u_3|              ; 7 (7)               ; 0 (0)                     ; 0           ; 0          ; 0            ; 0       ; 0         ; 0    ; 0            ; 0          ; |top|seg7:u_3       ; seg7        ; work         ;
;    |seg7:u_4|              ; 7 (7)               ; 0 (0)                     ; 0           ; 0          ; 0            ; 0       ; 0         ; 0    ; 0            ; 0          ; |top|seg7:u_4       ; seg7        ; work         ;
;    |seg7:u_5|              ; 7 (7)               ; 0 (0)                     ; 0           ; 0          ; 0            ; 0       ; 0         ; 0    ; 0            ; 0          ; |top|seg7:u_5       ; seg7        ; work         ;
+----------------------------+---------------------+---------------------------+-------------+------------+--------------+---------+-----------+------+--------------+------------+---------------------+-------------+--------------+
Note: For table entries with two numbers listed, the numbers in parentheses indicate the number of resources of the given type used by the specific entity alone. The numbers listed outside of parentheses indicate the total resources of the given type used by the specific entity and all of its sub-entities in the hierarchy.


+-------------------------------------------------------------------+
; Registers Removed During Synthesis                                ;
+---------------------------------------+---------------------------+
; Register name                         ; Reason for Removal        ;
+---------------------------------------+---------------------------+
; LEDRs[1]~reg0                         ; Merged with LEDRs[0]~reg0 ;
; LEDRs[2]~reg0                         ; Merged with LEDRs[0]~reg0 ;
; LEDRs[3]~reg0                         ; Merged with LEDRs[0]~reg0 ;
; LEDRs[4]~reg0                         ; Merged with LEDRs[0]~reg0 ;
; LEDRs[5]~reg0                         ; Merged with LEDRs[0]~reg0 ;
; LEDRs[6]~reg0                         ; Merged with LEDRs[0]~reg0 ;
; LEDRs[7]~reg0                         ; Merged with LEDRs[0]~reg0 ;
; LEDRs[8]~reg0                         ; Merged with LEDRs[0]~reg0 ;
; LEDRs[9]~reg0                         ; Merged with LEDRs[0]~reg0 ;
; Total Number of Removed Registers = 9 ;                           ;
+---------------------------------------+---------------------------+


+------------------------------------------------------+
; General Register Statistics                          ;
+----------------------------------------------+-------+
; Statistic                                    ; Value ;
+----------------------------------------------+-------+
; Total registers                              ; 32    ;
; Number of registers using Synchronous Clear  ; 30    ;
; Number of registers using Synchronous Load   ; 0     ;
; Number of registers using Asynchronous Clear ; 0     ;
; Number of registers using Asynchronous Load  ; 0     ;
; Number of registers using Clock Enable       ; 30    ;
; Number of registers using Preset             ; 0     ;
+----------------------------------------------+-------+


+--------------------------------------------------------------------------------------------------------------------------------------------+
; Multiplexer Restructuring Statistics (Restructuring Performed)                                                                             ;
+--------------------+-----------+---------------+----------------------+------------------------+------------+------------------------------+
; Multiplexer Inputs ; Bus Width ; Baseline Area ; Area if Restructured ; Saving if Restructured ; Registered ; Example Multiplexer Output   ;
+--------------------+-----------+---------------+----------------------+------------------------+------------+------------------------------+
; 3:1                ; 24 bits   ; 48 LEs        ; 24 LEs               ; 24 LEs                 ; Yes        ; |top|counter2:ctr2|count2[3] ;
; 3:1                ; 6 bits    ; 12 LEs        ; 6 LEs                ; 6 LEs                  ; Yes        ; |top|counter1:ctr1|count1[5] ;
+--------------------+-----------+---------------+----------------------+------------------------+------------+------------------------------+


+-------------------------------------------------------------------------------------------------------------------+
; Port Connectivity Checks: "counter1:ctr1"                                                                         ;
+---------+--------+----------+-------------------------------------------------------------------------------------+
; Port    ; Type   ; Severity ; Details                                                                             ;
+---------+--------+----------+-------------------------------------------------------------------------------------+
; countTB ; Output ; Info     ; Connected to dangling logic. Logic that only feeds a dangling port will be removed. ;
+---------+--------+----------+-------------------------------------------------------------------------------------+


+-----------------------------------------------------+
; Post-Synthesis Netlist Statistics for Top Partition ;
+-----------------------+-----------------------------+
; Type                  ; Count                       ;
+-----------------------+-----------------------------+
; boundary_port         ; 105                         ;
; cycloneiii_ff         ; 32                          ;
;     ENA SCLR          ; 30                          ;
;     plain             ; 2                           ;
; cycloneiii_lcell_comb ; 111                         ;
;     arith             ; 34                          ;
;         2 data inputs ; 12                          ;
;         3 data inputs ; 22                          ;
;     normal            ; 77                          ;
;         0 data inputs ; 2                           ;
;         1 data inputs ; 7                           ;
;         2 data inputs ; 8                           ;
;         3 data inputs ; 3                           ;
;         4 data inputs ; 57                          ;
;                       ;                             ;
; Max LUT depth         ; 5.30                        ;
; Average LUT depth     ; 2.86                        ;
+-----------------------+-----------------------------+


+-------------------------------+
; Elapsed Time Per Partition    ;
+----------------+--------------+
; Partition Name ; Elapsed Time ;
+----------------+--------------+
; Top            ; 00:00:00     ;
+----------------+--------------+


+-------------------------------+
; Analysis & Synthesis Messages ;
+-------------------------------+
Info: *******************************************************************
Info: Running Quartus Prime Analysis & Synthesis
    Info: Version 20.1.1 Build 720 11/11/2020 SJ Lite Edition
    Info: Processing started: Thu Feb 24 11:10:32 2022
Info: Command: quartus_map --read_settings_files=on --write_settings_files=off top -c top
Warning (18236): Number of processors has not been specified which may cause overloading on shared machines.  Set the global assignment NUM_PARALLEL_PROCESSORS in your QSF to an appropriate value for best performance.
Info (20030): Parallel compilation is enabled and will use 4 of the 4 processors detected
Info (12021): Found 1 design units, including 1 entities, in source file seg7.v
    Info (12023): Found entity 1: seg7 File: C:/Users/rizne/Desktop/eec180/lab 5/lab 5 files/seg7.v Line: 5
Info (12021): Found 1 design units, including 1 entities, in source file counter1.v
    Info (12023): Found entity 1: counter1 File: C:/Users/rizne/Desktop/eec180/lab 5/lab 5 files/counter1.v Line: 1
Info (12021): Found 1 design units, including 1 entities, in source file counter2.v
    Info (12023): Found entity 1: counter2 File: C:/Users/rizne/Desktop/eec180/lab 5/lab 5 files/counter2.v Line: 1
Info (12021): Found 1 design units, including 1 entities, in source file tb_counter1.v
    Info (12023): Found entity 1: tb_counter1 File: C:/Users/rizne/Desktop/eec180/lab 5/lab 5 files/tb_counter1.v Line: 1
Info (12021): Found 1 design units, including 1 entities, in source file tb_top.v
    Info (12023): Found entity 1: tb_top File: C:/Users/rizne/Desktop/eec180/lab 5/lab 5 files/tb_top.v Line: 1
Warning (12125): Using design file top.v, which is not specified as a design file for the current project, but contains definitions for 1 design units and 1 entities in project
    Info (12023): Found entity 1: top File: C:/Users/rizne/Desktop/eec180/lab 5/lab 5 files/top.v Line: 10
Info (12127): Elaborating entity "top" for the top level hierarchy
Info (12128): Elaborating entity "counter1" for hierarchy "counter1:ctr1" File: C:/Users/rizne/Desktop/eec180/lab 5/lab 5 files/top.v Line: 54
Warning (10230): Verilog HDL assignment warning at counter1.v(34): truncated value with size 32 to match size of target (6) File: C:/Users/rizne/Desktop/eec180/lab 5/lab 5 files/counter1.v Line: 34
Info (12128): Elaborating entity "counter2" for hierarchy "counter2:ctr2" File: C:/Users/rizne/Desktop/eec180/lab 5/lab 5 files/top.v Line: 65
Warning (10230): Verilog HDL assignment warning at counter2.v(31): truncated value with size 32 to match size of target (24) File: C:/Users/rizne/Desktop/eec180/lab 5/lab 5 files/counter2.v Line: 31
Warning (10230): Verilog HDL assignment warning at counter2.v(33): truncated value with size 32 to match size of target (24) File: C:/Users/rizne/Desktop/eec180/lab 5/lab 5 files/counter2.v Line: 33
Warning (10230): Verilog HDL assignment warning at counter2.v(44): truncated value with size 32 to match size of target (24) File: C:/Users/rizne/Desktop/eec180/lab 5/lab 5 files/counter2.v Line: 44
Warning (10230): Verilog HDL assignment warning at counter2.v(46): truncated value with size 32 to match size of target (24) File: C:/Users/rizne/Desktop/eec180/lab 5/lab 5 files/counter2.v Line: 46
Info (12128): Elaborating entity "seg7" for hierarchy "seg7:u_0" File: C:/Users/rizne/Desktop/eec180/lab 5/lab 5 files/top.v Line: 72
Warning (13024): Output pins are stuck at VCC or GND
    Warning (13410): Pin "HEX0[7]" is stuck at VCC File: C:/Users/rizne/Desktop/eec180/lab 5/lab 5 files/top.v Line: 16
    Warning (13410): Pin "HEX1[7]" is stuck at VCC File: C:/Users/rizne/Desktop/eec180/lab 5/lab 5 files/top.v Line: 17
    Warning (13410): Pin "HEX2[7]" is stuck at VCC File: C:/Users/rizne/Desktop/eec180/lab 5/lab 5 files/top.v Line: 18
    Warning (13410): Pin "HEX3[7]" is stuck at VCC File: C:/Users/rizne/Desktop/eec180/lab 5/lab 5 files/top.v Line: 19
    Warning (13410): Pin "HEX4[7]" is stuck at VCC File: C:/Users/rizne/Desktop/eec180/lab 5/lab 5 files/top.v Line: 20
    Warning (13410): Pin "HEX5[7]" is stuck at VCC File: C:/Users/rizne/Desktop/eec180/lab 5/lab 5 files/top.v Line: 21
Info (286030): Timing-Driven Synthesis is running
Info (16010): Generating hard_block partition "hard_block:auto_generated_inst"
    Info (16011): Adding 0 node(s), including 0 DDIO, 0 PLL, 0 transceiver and 0 LCELL
Warning (21074): Design contains 2 input pin(s) that do not drive logic
    Warning (15610): No output dependent on input pin "KEY[1]" File: C:/Users/rizne/Desktop/eec180/lab 5/lab 5 files/top.v Line: 25
    Warning (15610): No output dependent on input pin "SW[3]" File: C:/Users/rizne/Desktop/eec180/lab 5/lab 5 files/top.v Line: 30
Info (21057): Implemented 210 device resources after synthesis - the final resource count might be different
    Info (21058): Implemented 13 input pins
    Info (21059): Implemented 92 output pins
    Info (21061): Implemented 105 logic cells
Info: Quartus Prime Analysis & Synthesis was successful. 0 errors, 17 warnings
    Info: Peak virtual memory: 4761 megabytes
    Info: Processing ended: Thu Feb 24 11:10:44 2022
    Info: Elapsed time: 00:00:12
    Info: Total CPU time (on all processors): 00:00:29


